######### results #######
##### Summary of posterior distribution #####
##### Psi (= number of possible divtimes) #####

### Posterior probability table with local multinomial logit regression.
                   1          2         3
posterior.p 0.838432 0.05062167 0.1109463
prior.p     0.360000 0.29000000 0.3500000

## Mode (from local multinomial logit regression):
[1] "1"
## Mean/Median  (from local multinomial logit regression):
    mean   median 
1.272514 1.000000 

### The above results should be better than simple rejection method below.

### Posterior probability table with SIMPLE rejection method, NO REGRESSION.
               1    2    3
posterior.p 0.36 0.29 0.35
prior.p     0.36 0.29 0.35

## Mode (from simple rejection):
[1] "1"
## Mean/Median (from simple rejection)
  mean median 
  1.99   2.00 

##### Summary of posterior distribution #####
##### var.t  #####
### Mode
INFO: loc1stats: difference in log(prob. density) between the max (mode) and the ends of confidence interval (at p=0.95) is 0.04565441.
MODE:
[1] 0.00501839
### Mean/Median
      mean     median 
0.04897692 0.04058178 
### 95 % quantile
     2.5%     97.5% 
0.0000000 0.1644688 
### 95% Highest Postererior Density (HPD) interval
[1] 0.0000000 0.1445806

##### Summary of posterior distribution #####
##### E.t (= E(t)) #####
### Mode
INFO: loc1stats: difference in log(prob. density) between the max (mode) and the ends of confidence interval (at p=0.95) is 0.03388526.
MODE:
[1] 0.1077523
### Mean/Median
     mean    median 
0.1452151 0.1247783 
### 95 % quantile
     2.5%     97.5% 
0.0000000 0.3929491 
### 95% Highest Postererior Density (HPD) interval
[1] 0.0000000 0.3419708

##### Summary of posterior distribution #####
##### omega (=Var(t)/E(t)) #####
### Mode
INFO: loc1stats: difference in log(prob. density) between the max (mode) and the ends of confidence interval (at p=0.95) is 0.006377903.
MODE:
[1] 0.083984
### Mean/Median
      mean     median 
0.11666926 0.09771524 
### 95 % quantile
     2.5%     97.5% 
0.0000000 0.3678251 
### 95% Highest Postererior Density (HPD) interval
[1] 0.0000000 0.3403211

######### end of results #######
